2025-11-13 10:55:14,957 - INFO - 开始调用函数: _load_df
2025-11-13 10:56:59,294 - INFO - 函数 _load_df 执行完毕，耗时: 104.3370 秒 

2025-11-13 10:56:59,295 - INFO - 开始调用函数: _create_model
2025-11-13 10:56:59,295 - INFO - 函数 _create_model 执行完毕，耗时: 0.0000 秒 

2025-11-13 10:56:59,296 - INFO - 开始调用函数: run_experiment
2025-11-13 10:56:59,296 - INFO - 开始调用函数: fit
2025-11-13 11:22:02,519 - INFO - 函数 fit 执行完毕，耗时: 1503.2231 秒 

2025-11-13 11:22:02,520 - INFO - 开始调用函数: calculate_null_ll
2025-11-13 11:22:03,595 - INFO - 函数 calculate_null_ll 执行完毕，耗时: 1.0750 秒 

2025-11-13 11:22:03,595 - INFO - 开始调用函数: calculate_wtt
2025-11-13 11:22:07,132 - INFO - 函数 calculate_wtt 执行完毕，耗时: 3.5367 秒 

2025-11-13 11:22:07,132 - INFO - 开始调用函数: plot_wtt
2025-11-13 11:22:07,422 - INFO - 函数 plot_wtt 执行完毕，耗时: 0.2895 秒 

2025-11-13 11:22:07,925 - INFO - 开始调用函数: record_result
2025-11-13 11:22:07,928 - INFO - 函数 record_result 执行完毕，耗时: 0.0028 秒 

2025-11-13 11:22:07,928 - INFO - 开始调用函数: save_record_result
2025-11-13 11:22:07,928 - INFO - 函数 save_record_result 执行完毕，耗时: 0.0004 秒 

2025-11-13 11:22:07,928 - INFO - 开始调用函数: reset
2025-11-13 11:22:07,928 - INFO - 开始调用函数: _create_model
2025-11-13 11:22:07,928 - INFO - 函数 _create_model 执行完毕，耗时: 0.0000 秒 

2025-11-13 11:22:07,929 - INFO - 函数 reset 执行完毕，耗时: 0.0003 秒 

2025-11-13 11:22:07,929 - INFO - 函数 run_experiment 执行完毕，耗时: 1508.6324 秒 

