2025-11-13 11:22:08,033 - INFO - 开始调用函数: _load_df
2025-11-13 11:23:52,880 - INFO - 函数 _load_df 执行完毕，耗时: 104.8466 秒 

2025-11-13 11:23:52,880 - INFO - 开始调用函数: _create_model
2025-11-13 11:23:52,880 - INFO - 函数 _create_model 执行完毕，耗时: 0.0000 秒 

2025-11-13 11:23:52,881 - INFO - 开始调用函数: run_experiment
2025-11-13 11:23:55,340 - INFO - 开始调用函数: fit
2025-11-13 11:29:46,770 - INFO - 函数 fit 执行完毕，耗时: 351.4289 秒 

2025-11-13 11:29:46,770 - INFO - 开始调用函数: calculate_null_ll
2025-11-13 11:29:47,052 - INFO - 函数 calculate_null_ll 执行完毕，耗时: 0.2820 秒 

2025-11-13 11:29:47,052 - INFO - 开始调用函数: calculate_wtt
2025-11-13 11:29:47,604 - INFO - 函数 calculate_wtt 执行完毕，耗时: 0.5519 秒 

2025-11-13 11:29:47,604 - INFO - 开始调用函数: plot_wtt
2025-11-13 11:29:47,877 - INFO - 函数 plot_wtt 执行完毕，耗时: 0.2729 秒 

2025-11-13 11:29:47,980 - INFO - 开始调用函数: record_result
2025-11-13 11:29:47,983 - INFO - 函数 record_result 执行完毕，耗时: 0.0034 秒 

2025-11-13 11:29:47,983 - INFO - 开始调用函数: save_record_result
2025-11-13 11:29:47,984 - INFO - 函数 save_record_result 执行完毕，耗时: 0.0006 秒 

2025-11-13 11:29:47,984 - INFO - 开始调用函数: reset
2025-11-13 11:29:47,984 - INFO - 开始调用函数: _create_model
2025-11-13 11:29:47,984 - INFO - 函数 _create_model 执行完毕，耗时: 0.0000 秒 

2025-11-13 11:29:47,984 - INFO - 函数 reset 执行完毕，耗时: 0.0004 秒 

2025-11-13 11:29:54,540 - INFO - 开始调用函数: fit
2025-11-13 11:45:36,136 - INFO - 函数 fit 执行完毕，耗时: 941.5959 秒 

2025-11-13 11:45:36,136 - INFO - 开始调用函数: calculate_null_ll
2025-11-13 11:45:36,819 - INFO - 函数 calculate_null_ll 执行完毕，耗时: 0.6821 秒 

2025-11-13 11:45:36,819 - INFO - 开始调用函数: calculate_wtt
2025-11-13 11:45:38,819 - INFO - 函数 calculate_wtt 执行完毕，耗时: 2.0000 秒 

2025-11-13 11:45:38,819 - INFO - 开始调用函数: plot_wtt
2025-11-13 11:45:39,079 - INFO - 函数 plot_wtt 执行完毕，耗时: 0.2596 秒 

2025-11-13 11:45:39,380 - INFO - 开始调用函数: record_result
2025-11-13 11:45:39,383 - INFO - 函数 record_result 执行完毕，耗时: 0.0033 秒 

2025-11-13 11:45:39,383 - INFO - 开始调用函数: save_record_result
2025-11-13 11:45:39,384 - INFO - 函数 save_record_result 执行完毕，耗时: 0.0006 秒 

2025-11-13 11:45:39,384 - INFO - 开始调用函数: reset
2025-11-13 11:45:39,384 - INFO - 开始调用函数: _create_model
2025-11-13 11:45:39,384 - INFO - 函数 _create_model 执行完毕，耗时: 0.0000 秒 

2025-11-13 11:45:39,384 - INFO - 函数 reset 执行完毕，耗时: 0.0004 秒 

2025-11-13 11:45:42,068 - INFO - 开始调用函数: fit
2025-11-13 11:52:44,342 - INFO - 函数 fit 执行完毕，耗时: 422.2744 秒 

2025-11-13 11:52:44,343 - INFO - 开始调用函数: calculate_null_ll
2025-11-13 11:52:44,629 - INFO - 函数 calculate_null_ll 执行完毕，耗时: 0.2866 秒 

2025-11-13 11:52:44,629 - INFO - 开始调用函数: calculate_wtt
2025-11-13 11:52:45,314 - INFO - 函数 calculate_wtt 执行完毕，耗时: 0.6847 秒 

2025-11-13 11:52:45,314 - INFO - 开始调用函数: plot_wtt
2025-11-13 11:52:45,569 - INFO - 函数 plot_wtt 执行完毕，耗时: 0.2546 秒 

2025-11-13 11:52:45,671 - INFO - 开始调用函数: record_result
2025-11-13 11:52:45,674 - INFO - 函数 record_result 执行完毕，耗时: 0.0026 秒 

2025-11-13 11:52:45,674 - INFO - 开始调用函数: save_record_result
2025-11-13 11:52:45,674 - INFO - 函数 save_record_result 执行完毕，耗时: 0.0004 秒 

2025-11-13 11:52:45,674 - INFO - 开始调用函数: reset
2025-11-13 11:52:45,674 - INFO - 开始调用函数: _create_model
2025-11-13 11:52:45,674 - INFO - 函数 _create_model 执行完毕，耗时: 0.0000 秒 

2025-11-13 11:52:45,675 - INFO - 函数 reset 执行完毕，耗时: 0.0003 秒 

2025-11-13 11:52:45,821 - INFO - 函数 run_experiment 执行完毕，耗时: 1732.9406 秒 

